<?xml version="1.0" encoding="UTF-8"?>
<testng-results skipped="0" failed="0" total="3" passed="3">
  <reporter-output>
  </reporter-output>
  <suite name="Default suite" duration-ms="10603" started-at="2011-11-29T09:56:46Z" finished-at="2011-11-29T09:56:57Z">
    <groups>
    </groups>
    <test name="Default test" duration-ms="10603" started-at="2011-11-29T09:56:46Z" finished-at="2011-11-29T09:56:57Z">
      <class name="monterey.example.migratable.MigratableActorTest">
        <test-method status="PASS" signature="setupHarness()" name="setupHarness" is-config="true" duration-ms="1156" started-at="2011-11-29T09:56:46Z" finished-at="2011-11-29T09:56:47Z">
        </test-method>
        <test-method status="PASS" signature="testActorIsInstantiated()" name="testActorIsInstantiated" duration-ms="54" started-at="2011-11-29T09:56:47Z" finished-at="2011-11-29T09:56:47Z">
        </test-method>
        <test-method status="PASS" signature="tearDownHarness()" name="tearDownHarness" is-config="true" duration-ms="2699" started-at="2011-11-29T09:56:47Z" finished-at="2011-11-29T09:56:50Z">
        </test-method>
        <test-method status="PASS" signature="setupHarness()" name="setupHarness" is-config="true" duration-ms="610" started-at="2011-11-29T09:56:50Z" finished-at="2011-11-29T09:56:51Z">
        </test-method>
        <test-method status="PASS" signature="testPostMigrationIsDifferentActorInstance()" name="testPostMigrationIsDifferentActorInstance" duration-ms="133" started-at="2011-11-29T09:56:51Z" finished-at="2011-11-29T09:56:51Z">
        </test-method>
        <test-method status="PASS" signature="tearDownHarness()" name="tearDownHarness" is-config="true" duration-ms="2521" started-at="2011-11-29T09:56:51Z" finished-at="2011-11-29T09:56:53Z">
        </test-method>
        <test-method status="PASS" signature="setupHarness()" name="setupHarness" is-config="true" duration-ms="465" started-at="2011-11-29T09:56:53Z" finished-at="2011-11-29T09:56:54Z">
        </test-method>
        <test-method status="PASS" signature="testSuspendResume()" name="testSuspendResume" duration-ms="367" started-at="2011-11-29T09:56:54Z" finished-at="2011-11-29T09:56:54Z">
        </test-method>
        <test-method status="PASS" signature="tearDownHarness()" name="tearDownHarness" is-config="true" duration-ms="2579" started-at="2011-11-29T09:56:54Z" finished-at="2011-11-29T09:56:57Z">
        </test-method>
      </class>
    </test>
  </suite>
</testng-results>
